0 info it worked if it ends with ok
1 verbose cli [ '/usr/local/bin/node',
1 verbose cli   '/usr/local/bin/npm',
1 verbose cli   'install',
1 verbose cli   '-g',
1 verbose cli   'ios-deploy' ]
2 info using npm@2.15.8
3 info using node@v4.4.7
4 verbose install initial load of /usr/local/lib/package.json
5 verbose readDependencies loading dependencies from /usr/local/lib/package.json
6 silly cache add args [ 'ios-deploy', null ]
7 verbose cache add spec ios-deploy
8 silly cache add parsed spec Result {
8 silly cache add   raw: 'ios-deploy',
8 silly cache add   scope: null,
8 silly cache add   name: 'ios-deploy',
8 silly cache add   rawSpec: '',
8 silly cache add   spec: 'latest',
8 silly cache add   type: 'tag' }
9 silly addNamed ios-deploy@latest
10 verbose addNamed "latest" is being treated as a dist-tag for ios-deploy
11 info addNameTag [ 'ios-deploy', 'latest' ]
12 silly mapToRegistry name ios-deploy
13 silly mapToRegistry using default registry
14 silly mapToRegistry registry https://registry.npmjs.org/
15 silly mapToRegistry data Result {
15 silly mapToRegistry   raw: 'ios-deploy',
15 silly mapToRegistry   scope: null,
15 silly mapToRegistry   name: 'ios-deploy',
15 silly mapToRegistry   rawSpec: '',
15 silly mapToRegistry   spec: 'latest',
15 silly mapToRegistry   type: 'tag' }
16 silly mapToRegistry uri https://registry.npmjs.org/ios-deploy
17 verbose addNameTag registry:https://registry.npmjs.org/ios-deploy not in flight; fetching
18 verbose request uri https://registry.npmjs.org/ios-deploy
19 verbose request no auth needed
20 info attempt registry request try #1 at 5:06:50 PM
21 verbose request id e3e65a6c818c8e5f
22 verbose etag "5ALDUQ1GLDBEYMDJK8RUMV18V"
23 http request GET https://registry.npmjs.org/ios-deploy
24 http 304 https://registry.npmjs.org/ios-deploy
25 verbose headers { date: 'Sun, 21 Aug 2016 21:06:49 GMT',
25 verbose headers   via: '1.1 varnish',
25 verbose headers   'cache-control': 'max-age=300',
25 verbose headers   etag: '"5ALDUQ1GLDBEYMDJK8RUMV18V"',
25 verbose headers   age: '0',
25 verbose headers   connection: 'keep-alive',
25 verbose headers   'x-served-by': 'cache-iad2621-IAD',
25 verbose headers   'x-cache': 'HIT',
25 verbose headers   'x-cache-hits': '1',
25 verbose headers   'x-timer': 'S1471813609.651039,VS0,VE400',
25 verbose headers   vary: 'Accept-Encoding' }
26 silly get cb [ 304,
26 silly get   { date: 'Sun, 21 Aug 2016 21:06:49 GMT',
26 silly get     via: '1.1 varnish',
26 silly get     'cache-control': 'max-age=300',
26 silly get     etag: '"5ALDUQ1GLDBEYMDJK8RUMV18V"',
26 silly get     age: '0',
26 silly get     connection: 'keep-alive',
26 silly get     'x-served-by': 'cache-iad2621-IAD',
26 silly get     'x-cache': 'HIT',
26 silly get     'x-cache-hits': '1',
26 silly get     'x-timer': 'S1471813609.651039,VS0,VE400',
26 silly get     vary: 'Accept-Encoding' } ]
27 verbose etag https://registry.npmjs.org/ios-deploy from cache
28 verbose get saving ios-deploy to /Users/cliffcanan/.npm/registry.npmjs.org/ios-deploy/.cache.json
29 verbose correctMkdir /Users/cliffcanan/.npm correctMkdir not in flight; initializing
30 silly addNameTag next cb for ios-deploy with tag latest
31 silly addNamed ios-deploy@1.8.6
32 verbose addNamed "1.8.6" is a plain semver version for ios-deploy
33 silly cache afterAdd ios-deploy@1.8.6
34 verbose afterAdd /Users/cliffcanan/.npm/ios-deploy/1.8.6/package/package.json not in flight; writing
35 verbose correctMkdir /Users/cliffcanan/.npm correctMkdir not in flight; initializing
36 verbose afterAdd /Users/cliffcanan/.npm/ios-deploy/1.8.6/package/package.json written
37 silly install resolved [ { name: 'ios-deploy',
37 silly install resolved     version: '1.8.6',
37 silly install resolved     os: [ 'darwin' ],
37 silly install resolved     description: 'launch iOS apps iOS devices from the command line (Xcode 7)',
37 silly install resolved     main: 'ios-deploy',
37 silly install resolved     scripts:
37 silly install resolved      { preinstall: './src/scripts/check_reqs.js && xcodebuild',
37 silly install resolved        test: 'npm run pycompile && npm run jshint && xcodebuild -target ios-deploy-lib && xcodebuild test -scheme ios-deploy-tests',
37 silly install resolved        jshint: 'node node_modules/jshint/bin/jshint src/scripts/*.js',
37 silly install resolved        pycompile: 'python -m py_compile src/scripts/*.py' },
37 silly install resolved     bin: { 'ios-deploy': './build/Release/ios-deploy' },
37 silly install resolved     repository:
37 silly install resolved      { type: 'git',
37 silly install resolved        url: 'git+https://github.com/phonegap/ios-deploy.git' },
37 silly install resolved     devDependencies: { jshint: '2.5.8' },
37 silly install resolved     keywords: [ 'ios-deploy', 'deploy to iOS device' ],
37 silly install resolved     bugs: { url: 'https://github.com/phonegap/ios-deploy/issues' },
37 silly install resolved     author: { name: 'Greg Hughes' },
37 silly install resolved     license: 'GPLv3',
37 silly install resolved     gitHead: 'd7cccae1ade60378ce1134f496b68eeac53eb860',
37 silly install resolved     homepage: 'https://github.com/phonegap/ios-deploy#readme',
37 silly install resolved     _id: 'ios-deploy@1.8.6',
37 silly install resolved     _shasum: 'abb0b5132e7e6c89d1f521ba7c81c44eec54d4f5',
37 silly install resolved     _from: 'ios-deploy@latest',
37 silly install resolved     _npmVersion: '2.14.7',
37 silly install resolved     _nodeVersion: '4.2.2',
37 silly install resolved     _npmUser: { name: 'shazron', email: 'shazron@gmail.com' },
37 silly install resolved     maintainers: [ [Object], [Object], [Object] ],
37 silly install resolved     dist:
37 silly install resolved      { shasum: 'abb0b5132e7e6c89d1f521ba7c81c44eec54d4f5',
37 silly install resolved        tarball: 'https://registry.npmjs.org/ios-deploy/-/ios-deploy-1.8.6.tgz' },
37 silly install resolved     _npmOperationalInternal:
37 silly install resolved      { host: 'packages-16-east.internal.npmjs.com',
37 silly install resolved        tmp: 'tmp/ios-deploy-1.8.6.tgz_1460409336359_0.34613347332924604' },
37 silly install resolved     directories: {},
37 silly install resolved     _resolved: 'https://registry.npmjs.org/ios-deploy/-/ios-deploy-1.8.6.tgz',
37 silly install resolved     readme: 'ERROR: No README data found!' } ]
38 info install ios-deploy@1.8.6 into /usr/local/lib
39 info installOne ios-deploy@1.8.6
40 verbose installOne of ios-deploy to /usr/local/lib not in flight; installing
41 verbose correctMkdir /Users/cliffcanan/.npm/_locks correctMkdir not in flight; initializing
42 verbose lock using /Users/cliffcanan/.npm/_locks/ios-deploy-198957223cd98201.lock for /usr/local/lib/node_modules/ios-deploy
43 silly install write writing ios-deploy 1.8.6 to /usr/local/lib/node_modules/ios-deploy
44 verbose unbuild lib/node_modules/ios-deploy
45 info preuninstall ios-deploy@1.8.6
46 info uninstall ios-deploy@1.8.6
47 verbose unbuild rmStuff ios-deploy@1.8.6 from /usr/local/lib/node_modules
48 silly gentlyRm /usr/local/bin/ios-deploy is being gently removed
49 silly gentlyRm verifying /usr/local is an npm working directory
50 silly gentlyRm containing path /usr/local is under npm's control, in /usr/local
51 silly gentlyRm deletion target /usr/local/bin/ios-deploy is under /usr/local
52 verbose gentlyRm vacuuming from /usr/local/bin/ios-deploy up to /usr/local
53 silly vacuum-fs removing /usr/local/bin/ios-deploy
54 silly vacuum-fs quitting because other entries in /usr/local/bin
55 info postuninstall ios-deploy@1.8.6
56 silly gentlyRm /usr/local/lib/node_modules/ios-deploy is being purged from base /usr/local
57 verbose gentlyRm don't care about contents; nuking /usr/local/lib/node_modules/ios-deploy
58 silly vacuum-fs purging /usr/local/lib/node_modules/ios-deploy
59 silly vacuum-fs quitting because other entries in /usr/local/lib/node_modules
60 verbose tar unpack /Users/cliffcanan/.npm/ios-deploy/1.8.6/package.tgz
61 verbose tar unpacking to /usr/local/lib/node_modules/ios-deploy
62 silly gentlyRm /usr/local/lib/node_modules/ios-deploy is being purged
63 verbose gentlyRm don't care about contents; nuking /usr/local/lib/node_modules/ios-deploy
64 silly gunzTarPerm modes [ '755', '644' ]
65 silly gunzTarPerm extractEntry package.json
66 silly gunzTarPerm extractEntry .npmignore
67 silly gunzTarPerm extractEntry README.md
68 silly gunzTarPerm extractEntry LICENSE
69 silly gunzTarPerm extractEntry CONTRIBUTING.md
70 silly gunzTarPerm extractEntry demo/.npmignore
71 silly gunzTarPerm extractEntry demo/Entitlements.plist
72 silly gunzTarPerm extractEntry demo/Info.plist
73 silly gunzTarPerm extractEntry demo/Makefile
74 silly gunzTarPerm extractEntry demo/ResourceRules.plist
75 silly gunzTarPerm extractEntry demo/demo.c
76 silly gunzTarPerm extractEntry ios-deploy.xcodeproj/project.pbxproj
77 silly gunzTarPerm extractEntry ios-deploy.xcodeproj/project.xcworkspace/xcuserdata/shaz.xcuserdatad/UserInterfaceState.xcuserstate
78 silly gunzTarPerm extractEntry ios-deploy.xcodeproj/xcshareddata/xcschemes/ios-deploy-tests.xcscheme
79 silly gunzTarPerm extractEntry ios-deploy.xcodeproj/xcuserdata/shaz.xcuserdatad/xcschemes/ios-deploy-lib.xcscheme
80 silly gunzTarPerm extractEntry ios-deploy.xcodeproj/xcuserdata/shaz.xcuserdatad/xcschemes/ios-deploy.xcscheme
81 silly gunzTarPerm extractEntry ios-deploy.xcodeproj/xcuserdata/shaz.xcuserdatad/xcschemes/xcschememanagement.plist
82 silly gunzTarPerm extractEntry src/ios-deploy/MobileDevice.h
83 silly gunzTarPerm extractEntry src/ios-deploy/errors.h
84 silly gunzTarPerm extractEntry src/ios-deploy/ios-deploy.m
85 silly gunzTarPerm extractEntry src/ios-deploy/version.h
86 silly gunzTarPerm extractEntry src/ios-deploy-lib/libios_deploy.h
87 silly gunzTarPerm extractEntry src/ios-deploy-lib/libios_deploy.m
88 silly gunzTarPerm extractEntry src/ios-deploy-tests/Info.plist
89 silly gunzTarPerm extractEntry src/ios-deploy-tests/ios_deploy_tests.m
90 silly gunzTarPerm extractEntry src/scripts/check_reqs.js
91 silly gunzTarPerm extractEntry src/scripts/lldb.py
92 verbose write writing to /usr/local/lib/node_modules/ios-deploy/package.json
93 info preinstall ios-deploy@1.8.6
94 verbose unsafe-perm in lifecycle false
95 info ios-deploy@1.8.6 Failed to exec preinstall script
96 verbose unlock done using /Users/cliffcanan/.npm/_locks/ios-deploy-198957223cd98201.lock for /usr/local/lib/node_modules/ios-deploy
97 verbose stack Error: ios-deploy@1.8.6 preinstall: `./src/scripts/check_reqs.js && xcodebuild`
97 verbose stack Exit status 134
97 verbose stack     at EventEmitter.<anonymous> (/usr/local/lib/node_modules/npm/lib/utils/lifecycle.js:217:16)
97 verbose stack     at emitTwo (events.js:87:13)
97 verbose stack     at EventEmitter.emit (events.js:172:7)
97 verbose stack     at ChildProcess.<anonymous> (/usr/local/lib/node_modules/npm/lib/utils/spawn.js:24:14)
97 verbose stack     at emitTwo (events.js:87:13)
97 verbose stack     at ChildProcess.emit (events.js:172:7)
97 verbose stack     at maybeClose (internal/child_process.js:827:16)
97 verbose stack     at Process.ChildProcess._handle.onexit (internal/child_process.js:211:5)
98 verbose pkgid ios-deploy@1.8.6
99 verbose cwd /Users/cliffcanan/Desktop/nooch-ionic-demo
100 error Darwin 15.5.0
101 error argv "/usr/local/bin/node" "/usr/local/bin/npm" "install" "-g" "ios-deploy"
102 error node v4.4.7
103 error npm  v2.15.8
104 error code ELIFECYCLE
105 error ios-deploy@1.8.6 preinstall: `./src/scripts/check_reqs.js && xcodebuild`
105 error Exit status 134
106 error Failed at the ios-deploy@1.8.6 preinstall script './src/scripts/check_reqs.js && xcodebuild'.
106 error This is most likely a problem with the ios-deploy package,
106 error not with npm itself.
106 error Tell the author that this fails on your system:
106 error     ./src/scripts/check_reqs.js && xcodebuild
106 error You can get information on how to open an issue for this project with:
106 error     npm bugs ios-deploy
106 error Or if that isn't available, you can get their info via:
106 error
106 error     npm owner ls ios-deploy
106 error There is likely additional logging output above.
107 verbose exit [ 1, true ]
108 verbose unbuild lib/node_modules/ios-deploy
109 info preuninstall ios-deploy@1.8.6
110 info uninstall ios-deploy@1.8.6
111 verbose unbuild rmStuff ios-deploy@1.8.6 from /usr/local/lib/node_modules
112 silly gentlyRm /usr/local/bin/ios-deploy is being gently removed
113 silly gentlyRm verifying /usr/local is an npm working directory
114 silly gentlyRm containing path /usr/local is under npm's control, in /usr/local
115 silly gentlyRm deletion target /usr/local/bin/ios-deploy is under /usr/local
116 verbose gentlyRm vacuuming from /usr/local/bin/ios-deploy up to /usr/local
117 info postuninstall ios-deploy@1.8.6
118 silly gentlyRm /usr/local/lib/node_modules/ios-deploy is being purged from base /usr/local
119 verbose gentlyRm don't care about contents; nuking /usr/local/lib/node_modules/ios-deploy
120 silly vacuum-fs purging /usr/local/lib/node_modules/ios-deploy
121 silly vacuum-fs quitting because other entries in /usr/local/lib/node_modules
